<?xml version="1.0" encoding="UTF-8"?>
<testsuite name="dao.DriverDAOTest" tests="1" skipped="0" failures="1" errors="0" timestamp="2019-12-01T13:56:35" hostname="DESKTOP-OL1O63O" time="3.059">
  <properties/>
  <testcase name="testFind" classname="dao.DriverDAOTest" time="3.059">
    <failure message="org.bson.codecs.configuration.CodecConfigurationException: Can't find a codec for class model.Driver." type="org.bson.codecs.configuration.CodecConfigurationException">org.bson.codecs.configuration.CodecConfigurationException: Can't find a codec for class model.Driver.
	at org.bson.codecs.configuration.CodecCache.getOrThrow(CodecCache.java:46)
	at org.bson.codecs.configuration.ProvidersCodecRegistry.get(ProvidersCodecRegistry.java:63)
	at org.bson.codecs.configuration.ProvidersCodecRegistry.get(ProvidersCodecRegistry.java:37)
	at com.mongodb.internal.operation.Operations.createFindOperation(Operations.java:150)
	at com.mongodb.internal.operation.Operations.find(Operations.java:139)
	at com.mongodb.internal.operation.SyncOperations.find(SyncOperations.java:98)
	at com.mongodb.client.internal.FindIterableImpl.asReadOperation(FindIterableImpl.java:215)
	at com.mongodb.client.internal.MongoIterableImpl.execute(MongoIterableImpl.java:143)
	at com.mongodb.client.internal.MongoIterableImpl.iterator(MongoIterableImpl.java:92)
	at com.mongodb.client.internal.MongoIterableImpl.forEach(MongoIterableImpl.java:121)
	at com.mongodb.client.internal.MongoIterableImpl.into(MongoIterableImpl.java:133)
	at dao.DriverDAO.findByName(DriverDAO.java:75)
	at dao.DriverDAOTest.testFind(DriverDAOTest.java:49)
	at java.base/jdk.internal.reflect.NativeMethodAccessorImpl.invoke0(Native Method)
	at java.base/jdk.internal.reflect.NativeMethodAccessorImpl.invoke(NativeMethodAccessorImpl.java:62)
	at java.base/jdk.internal.reflect.DelegatingMethodAccessorImpl.invoke(DelegatingMethodAccessorImpl.java:43)
	at java.base/java.lang.reflect.Method.invoke(Method.java:566)
	at org.junit.runners.model.FrameworkMethod$1.runReflectiveCall(FrameworkMethod.java:50)
	at org.junit.internal.runners.model.ReflectiveCallable.run(ReflectiveCallable.java:12)
	at org.junit.runners.model.FrameworkMethod.invokeExplosively(FrameworkMethod.java:47)
	at org.junit.internal.runners.statements.InvokeMethod.evaluate(InvokeMethod.java:17)
	at org.junit.internal.runners.statements.RunBefores.evaluate(RunBefores.java:26)
	at org.junit.runners.ParentRunner.runLeaf(ParentRunner.java:325)
	at org.junit.runners.BlockJUnit4ClassRunner.runChild(BlockJUnit4ClassRunner.java:78)
	at org.junit.runners.BlockJUnit4ClassRunner.runChild(BlockJUnit4ClassRunner.java:57)
	at org.junit.runners.ParentRunner$3.run(ParentRunner.java:290)
	at org.junit.runners.ParentRunner$1.schedule(ParentRunner.java:71)
	at org.junit.runners.ParentRunner.runChildren(ParentRunner.java:288)
	at org.junit.runners.ParentRunner.access$000(ParentRunner.java:58)
	at org.junit.runners.ParentRunner$2.evaluate(ParentRunner.java:268)
	at org.junit.internal.runners.statements.RunBefores.evaluate(RunBefores.java:26)
	at org.junit.runners.ParentRunner.run(ParentRunner.java:363)
	at org.gradle.api.internal.tasks.testing.junit.JUnitTestClassExecutor.runTestClass(JUnitTestClassExecutor.java:110)
	at org.gradle.api.internal.tasks.testing.junit.JUnitTestClassExecutor.execute(JUnitTestClassExecutor.java:58)
	at org.gradle.api.internal.tasks.testing.junit.JUnitTestClassExecutor.execute(JUnitTestClassExecutor.java:38)
	at org.gradle.api.internal.tasks.testing.junit.AbstractJUnitTestClassProcessor.processTestClass(AbstractJUnitTestClassProcessor.java:62)
	at org.gradle.api.internal.tasks.testing.SuiteTestClassProcessor.processTestClass(SuiteTestClassProcessor.java:51)
	at java.base/jdk.internal.reflect.NativeMethodAccessorImpl.invoke0(Native Method)
	at java.base/jdk.internal.reflect.NativeMethodAccessorImpl.invoke(NativeMethodAccessorImpl.java:62)
	at java.base/jdk.internal.reflect.DelegatingMethodAccessorImpl.invoke(DelegatingMethodAccessorImpl.java:43)
	at java.base/java.lang.reflect.Method.invoke(Method.java:566)
	at org.gradle.internal.dispatch.ReflectionDispatch.dispatch(ReflectionDispatch.java:35)
	at org.gradle.internal.dispatch.ReflectionDispatch.dispatch(ReflectionDispatch.java:24)
	at org.gradle.internal.dispatch.ContextClassLoaderDispatch.dispatch(ContextClassLoaderDispatch.java:32)
	at org.gradle.internal.dispatch.ProxyDispatchAdapter$DispatchingInvocationHandler.invoke(ProxyDispatchAdapter.java:93)
	at com.sun.proxy.$Proxy2.processTestClass(Unknown Source)
	at org.gradle.api.internal.tasks.testing.worker.TestWorker.processTestClass(TestWorker.java:118)
	at java.base/jdk.internal.reflect.NativeMethodAccessorImpl.invoke0(Native Method)
	at java.base/jdk.internal.reflect.NativeMethodAccessorImpl.invoke(NativeMethodAccessorImpl.java:62)
	at java.base/jdk.internal.reflect.DelegatingMethodAccessorImpl.invoke(DelegatingMethodAccessorImpl.java:43)
	at java.base/java.lang.reflect.Method.invoke(Method.java:566)
	at org.gradle.internal.dispatch.ReflectionDispatch.dispatch(ReflectionDispatch.java:35)
	at org.gradle.internal.dispatch.ReflectionDispatch.dispatch(ReflectionDispatch.java:24)
	at org.gradle.internal.remote.internal.hub.MessageHubBackedObjectConnection$DispatchWrapper.dispatch(MessageHubBackedObjectConnection.java:175)
	at org.gradle.internal.remote.internal.hub.MessageHubBackedObjectConnection$DispatchWrapper.dispatch(MessageHubBackedObjectConnection.java:157)
	at org.gradle.internal.remote.internal.hub.MessageHub$Handler.run(MessageHub.java:404)
	at org.gradle.internal.concurrent.ExecutorPolicy$CatchAndRecordFailures.onExecute(ExecutorPolicy.java:63)
	at org.gradle.internal.concurrent.ManagedExecutorImpl$1.run(ManagedExecutorImpl.java:46)
	at java.base/java.util.concurrent.ThreadPoolExecutor.runWorker(ThreadPoolExecutor.java:1128)
	at java.base/java.util.concurrent.ThreadPoolExecutor$Worker.run(ThreadPoolExecutor.java:628)
	at org.gradle.internal.concurrent.ThreadFactoryImpl$ManagedThreadRunnable.run(ThreadFactoryImpl.java:55)
	at java.base/java.lang.Thread.run(Thread.java:834)
</failure>
  </testcase>
  <system-out><![CDATA[]]></system-out>
  <system-err><![CDATA[gru 01, 2019 2:56:34 PM com.mongodb.diagnostics.logging.JULLogger log
INFO: Cluster created with settings {hosts=[127.0.0.1:27017], srvHost=maincluster-af4rk.gcp.mongodb.net, mode=MULTIPLE, requiredClusterType=REPLICA_SET, serverSelectionTimeout='30000 ms', maxWaitQueueSize=500, requiredReplicaSetName='MainCluster-shard-0'}
gru 01, 2019 2:56:35 PM com.mongodb.diagnostics.logging.JULLogger log
INFO: Cluster created with settings {hosts=[127.0.0.1:27017], srvHost=testcluster-5qtaz.gcp.mongodb.net, mode=MULTIPLE, requiredClusterType=REPLICA_SET, serverSelectionTimeout='30000 ms', maxWaitQueueSize=500, requiredReplicaSetName='TestCluster-shard-0'}
gru 01, 2019 2:56:35 PM com.mongodb.diagnostics.logging.JULLogger log
INFO: Adding discovered server maincluster-shard-00-01-af4rk.gcp.mongodb.net:27017 to client view of cluster
gru 01, 2019 2:56:36 PM com.mongodb.diagnostics.logging.JULLogger log
INFO: Cluster description not yet available. Waiting for 30000 ms before timing out
gru 01, 2019 2:56:36 PM com.mongodb.diagnostics.logging.JULLogger log
INFO: Adding discovered server maincluster-shard-00-02-af4rk.gcp.mongodb.net:27017 to client view of cluster
gru 01, 2019 2:56:36 PM com.mongodb.diagnostics.logging.JULLogger log
INFO: Adding discovered server maincluster-shard-00-00-af4rk.gcp.mongodb.net:27017 to client view of cluster
gru 01, 2019 2:56:37 PM com.mongodb.diagnostics.logging.JULLogger log
INFO: Adding discovered server testcluster-shard-00-01-5qtaz.gcp.mongodb.net:27017 to client view of cluster
gru 01, 2019 2:56:37 PM com.mongodb.diagnostics.logging.JULLogger log
INFO: Adding discovered server testcluster-shard-00-02-5qtaz.gcp.mongodb.net:27017 to client view of cluster
gru 01, 2019 2:56:37 PM com.mongodb.diagnostics.logging.JULLogger log
INFO: Adding discovered server testcluster-shard-00-00-5qtaz.gcp.mongodb.net:27017 to client view of cluster
gru 01, 2019 2:56:37 PM com.mongodb.diagnostics.logging.JULLogger log
INFO: No server chosen by com.mongodb.client.internal.MongoClientDelegate$1@1b167cfe from cluster description ClusterDescription{type=REPLICA_SET, connectionMode=MULTIPLE, serverDescriptions=[ServerDescription{address=testcluster-shard-00-02-5qtaz.gcp.mongodb.net:27017, type=UNKNOWN, state=CONNECTING}, ServerDescription{address=testcluster-shard-00-01-5qtaz.gcp.mongodb.net:27017, type=UNKNOWN, state=CONNECTING}, ServerDescription{address=testcluster-shard-00-00-5qtaz.gcp.mongodb.net:27017, type=UNKNOWN, state=CONNECTING}]}. Waiting for 30000 ms before timing out
gru 01, 2019 2:56:37 PM com.mongodb.diagnostics.logging.JULLogger log
INFO: Opened connection [connectionId{localValue:1, serverValue:281626}] to maincluster-shard-00-01-af4rk.gcp.mongodb.net:27017
gru 01, 2019 2:56:37 PM com.mongodb.diagnostics.logging.JULLogger log
INFO: Opened connection [connectionId{localValue:2, serverValue:277981}] to maincluster-shard-00-02-af4rk.gcp.mongodb.net:27017
gru 01, 2019 2:56:37 PM com.mongodb.diagnostics.logging.JULLogger log
INFO: Opened connection [connectionId{localValue:3, serverValue:1448358}] to maincluster-shard-00-00-af4rk.gcp.mongodb.net:27017
gru 01, 2019 2:56:37 PM com.mongodb.diagnostics.logging.JULLogger log
INFO: Monitor thread successfully connected to server with description ServerDescription{address=maincluster-shard-00-01-af4rk.gcp.mongodb.net:27017, type=REPLICA_SET_SECONDARY, state=CONNECTED, ok=true, version=ServerVersion{versionList=[4, 0, 13]}, minWireVersion=0, maxWireVersion=7, maxDocumentSize=16777216, logicalSessionTimeoutMinutes=30, roundTripTimeNanos=88925700, setName='MainCluster-shard-0', canonicalAddress=maincluster-shard-00-01-af4rk.gcp.mongodb.net:27017, hosts=[maincluster-shard-00-00-af4rk.gcp.mongodb.net:27017, maincluster-shard-00-01-af4rk.gcp.mongodb.net:27017, maincluster-shard-00-02-af4rk.gcp.mongodb.net:27017], passives=[], arbiters=[], primary='maincluster-shard-00-00-af4rk.gcp.mongodb.net:27017', tagSet=TagSet{[Tag{name='nodeType', value='ELECTABLE'}, Tag{name='provider', value='GCP'}, Tag{name='region', value='WESTERN_EUROPE'}]}, electionId=null, setVersion=1, lastWriteDate=Sun Dec 01 14:56:35 CET 2019, lastUpdateTimeNanos=1543527487827900}
gru 01, 2019 2:56:37 PM com.mongodb.diagnostics.logging.JULLogger log
INFO: Monitor thread successfully connected to server with description ServerDescription{address=maincluster-shard-00-02-af4rk.gcp.mongodb.net:27017, type=REPLICA_SET_SECONDARY, state=CONNECTED, ok=true, version=ServerVersion{versionList=[4, 0, 13]}, minWireVersion=0, maxWireVersion=7, maxDocumentSize=16777216, logicalSessionTimeoutMinutes=30, roundTripTimeNanos=103735100, setName='MainCluster-shard-0', canonicalAddress=maincluster-shard-00-02-af4rk.gcp.mongodb.net:27017, hosts=[maincluster-shard-00-00-af4rk.gcp.mongodb.net:27017, maincluster-shard-00-01-af4rk.gcp.mongodb.net:27017, maincluster-shard-00-02-af4rk.gcp.mongodb.net:27017], passives=[], arbiters=[], primary='maincluster-shard-00-00-af4rk.gcp.mongodb.net:27017', tagSet=TagSet{[Tag{name='nodeType', value='ELECTABLE'}, Tag{name='provider', value='GCP'}, Tag{name='region', value='WESTERN_EUROPE'}]}, electionId=null, setVersion=1, lastWriteDate=Sun Dec 01 14:56:35 CET 2019, lastUpdateTimeNanos=1543527506215200}
gru 01, 2019 2:56:37 PM com.mongodb.diagnostics.logging.JULLogger log
INFO: Monitor thread successfully connected to server with description ServerDescription{address=maincluster-shard-00-00-af4rk.gcp.mongodb.net:27017, type=REPLICA_SET_PRIMARY, state=CONNECTED, ok=true, version=ServerVersion{versionList=[4, 0, 13]}, minWireVersion=0, maxWireVersion=7, maxDocumentSize=16777216, logicalSessionTimeoutMinutes=30, roundTripTimeNanos=101777000, setName='MainCluster-shard-0', canonicalAddress=maincluster-shard-00-00-af4rk.gcp.mongodb.net:27017, hosts=[maincluster-shard-00-00-af4rk.gcp.mongodb.net:27017, maincluster-shard-00-01-af4rk.gcp.mongodb.net:27017, maincluster-shard-00-02-af4rk.gcp.mongodb.net:27017], passives=[], arbiters=[], primary='maincluster-shard-00-00-af4rk.gcp.mongodb.net:27017', tagSet=TagSet{[Tag{name='nodeType', value='ELECTABLE'}, Tag{name='provider', value='GCP'}, Tag{name='region', value='WESTERN_EUROPE'}]}, electionId=7fffffff0000000000000001, setVersion=1, lastWriteDate=Sun Dec 01 14:56:35 CET 2019, lastUpdateTimeNanos=1543527506081800}
gru 01, 2019 2:56:37 PM com.mongodb.diagnostics.logging.JULLogger log
INFO: Setting max election id to 7fffffff0000000000000001 from replica set primary maincluster-shard-00-00-af4rk.gcp.mongodb.net:27017
gru 01, 2019 2:56:37 PM com.mongodb.diagnostics.logging.JULLogger log
INFO: Setting max set version to 1 from replica set primary maincluster-shard-00-00-af4rk.gcp.mongodb.net:27017
gru 01, 2019 2:56:37 PM com.mongodb.diagnostics.logging.JULLogger log
INFO: Discovered replica set primary maincluster-shard-00-00-af4rk.gcp.mongodb.net:27017
gru 01, 2019 2:56:37 PM com.mongodb.diagnostics.logging.JULLogger log
INFO: Opened connection [connectionId{localValue:4, serverValue:116252}] to testcluster-shard-00-01-5qtaz.gcp.mongodb.net:27017
gru 01, 2019 2:56:37 PM com.mongodb.diagnostics.logging.JULLogger log
INFO: Opened connection [connectionId{localValue:5, serverValue:97070}] to testcluster-shard-00-02-5qtaz.gcp.mongodb.net:27017
gru 01, 2019 2:56:37 PM com.mongodb.diagnostics.logging.JULLogger log
INFO: Opened connection [connectionId{localValue:6, serverValue:639539}] to testcluster-shard-00-00-5qtaz.gcp.mongodb.net:27017
gru 01, 2019 2:56:37 PM com.mongodb.diagnostics.logging.JULLogger log
INFO: Monitor thread successfully connected to server with description ServerDescription{address=testcluster-shard-00-01-5qtaz.gcp.mongodb.net:27017, type=REPLICA_SET_SECONDARY, state=CONNECTED, ok=true, version=ServerVersion{versionList=[4, 0, 13]}, minWireVersion=0, maxWireVersion=7, maxDocumentSize=16777216, logicalSessionTimeoutMinutes=30, roundTripTimeNanos=72473100, setName='TestCluster-shard-0', canonicalAddress=testcluster-shard-00-01-5qtaz.gcp.mongodb.net:27017, hosts=[testcluster-shard-00-00-5qtaz.gcp.mongodb.net:27017, testcluster-shard-00-01-5qtaz.gcp.mongodb.net:27017, testcluster-shard-00-02-5qtaz.gcp.mongodb.net:27017], passives=[], arbiters=[], primary='testcluster-shard-00-00-5qtaz.gcp.mongodb.net:27017', tagSet=TagSet{[Tag{name='nodeType', value='ELECTABLE'}, Tag{name='provider', value='GCP'}, Tag{name='region', value='WESTERN_EUROPE'}]}, electionId=null, setVersion=1, lastWriteDate=Sun Dec 01 14:56:29 CET 2019, lastUpdateTimeNanos=1543527885690000}
gru 01, 2019 2:56:37 PM com.mongodb.diagnostics.logging.JULLogger log
INFO: Monitor thread successfully connected to server with description ServerDescription{address=testcluster-shard-00-02-5qtaz.gcp.mongodb.net:27017, type=REPLICA_SET_SECONDARY, state=CONNECTED, ok=true, version=ServerVersion{versionList=[4, 0, 13]}, minWireVersion=0, maxWireVersion=7, maxDocumentSize=16777216, logicalSessionTimeoutMinutes=30, roundTripTimeNanos=78113900, setName='TestCluster-shard-0', canonicalAddress=testcluster-shard-00-02-5qtaz.gcp.mongodb.net:27017, hosts=[testcluster-shard-00-00-5qtaz.gcp.mongodb.net:27017, testcluster-shard-00-01-5qtaz.gcp.mongodb.net:27017, testcluster-shard-00-02-5qtaz.gcp.mongodb.net:27017], passives=[], arbiters=[], primary='testcluster-shard-00-00-5qtaz.gcp.mongodb.net:27017', tagSet=TagSet{[Tag{name='nodeType', value='ELECTABLE'}, Tag{name='provider', value='GCP'}, Tag{name='region', value='WESTERN_EUROPE'}]}, electionId=null, setVersion=1, lastWriteDate=Sun Dec 01 14:56:29 CET 2019, lastUpdateTimeNanos=1543527892078100}
gru 01, 2019 2:56:37 PM com.mongodb.diagnostics.logging.JULLogger log
INFO: No server chosen by ReadPreferenceServerSelector{readPreference=primary} from cluster description ClusterDescription{type=REPLICA_SET, connectionMode=MULTIPLE, serverDescriptions=[ServerDescription{address=testcluster-shard-00-02-5qtaz.gcp.mongodb.net:27017, type=REPLICA_SET_SECONDARY, state=CONNECTED, ok=true, version=ServerVersion{versionList=[4, 0, 13]}, minWireVersion=0, maxWireVersion=7, maxDocumentSize=16777216, logicalSessionTimeoutMinutes=30, roundTripTimeNanos=78113900, setName='TestCluster-shard-0', canonicalAddress=testcluster-shard-00-02-5qtaz.gcp.mongodb.net:27017, hosts=[testcluster-shard-00-00-5qtaz.gcp.mongodb.net:27017, testcluster-shard-00-01-5qtaz.gcp.mongodb.net:27017, testcluster-shard-00-02-5qtaz.gcp.mongodb.net:27017], passives=[], arbiters=[], primary='testcluster-shard-00-00-5qtaz.gcp.mongodb.net:27017', tagSet=TagSet{[Tag{name='nodeType', value='ELECTABLE'}, Tag{name='provider', value='GCP'}, Tag{name='region', value='WESTERN_EUROPE'}]}, electionId=null, setVersion=1, lastWriteDate=Sun Dec 01 14:56:29 CET 2019, lastUpdateTimeNanos=1543527892078100}, ServerDescription{address=testcluster-shard-00-01-5qtaz.gcp.mongodb.net:27017, type=REPLICA_SET_SECONDARY, state=CONNECTED, ok=true, version=ServerVersion{versionList=[4, 0, 13]}, minWireVersion=0, maxWireVersion=7, maxDocumentSize=16777216, logicalSessionTimeoutMinutes=30, roundTripTimeNanos=72473100, setName='TestCluster-shard-0', canonicalAddress=testcluster-shard-00-01-5qtaz.gcp.mongodb.net:27017, hosts=[testcluster-shard-00-00-5qtaz.gcp.mongodb.net:27017, testcluster-shard-00-01-5qtaz.gcp.mongodb.net:27017, testcluster-shard-00-02-5qtaz.gcp.mongodb.net:27017], passives=[], arbiters=[], primary='testcluster-shard-00-00-5qtaz.gcp.mongodb.net:27017', tagSet=TagSet{[Tag{name='nodeType', value='ELECTABLE'}, Tag{name='provider', value='GCP'}, Tag{name='region', value='WESTERN_EUROPE'}]}, electionId=null, setVersion=1, lastWriteDate=Sun Dec 01 14:56:29 CET 2019, lastUpdateTimeNanos=1543527885690000}, ServerDescription{address=testcluster-shard-00-00-5qtaz.gcp.mongodb.net:27017, type=UNKNOWN, state=CONNECTING}]}. Waiting for 30000 ms before timing out
gru 01, 2019 2:56:37 PM com.mongodb.diagnostics.logging.JULLogger log
INFO: Monitor thread successfully connected to server with description ServerDescription{address=testcluster-shard-00-00-5qtaz.gcp.mongodb.net:27017, type=REPLICA_SET_PRIMARY, state=CONNECTED, ok=true, version=ServerVersion{versionList=[4, 0, 13]}, minWireVersion=0, maxWireVersion=7, maxDocumentSize=16777216, logicalSessionTimeoutMinutes=30, roundTripTimeNanos=88874700, setName='TestCluster-shard-0', canonicalAddress=testcluster-shard-00-00-5qtaz.gcp.mongodb.net:27017, hosts=[testcluster-shard-00-00-5qtaz.gcp.mongodb.net:27017, testcluster-shard-00-01-5qtaz.gcp.mongodb.net:27017, testcluster-shard-00-02-5qtaz.gcp.mongodb.net:27017], passives=[], arbiters=[], primary='testcluster-shard-00-00-5qtaz.gcp.mongodb.net:27017', tagSet=TagSet{[Tag{name='nodeType', value='ELECTABLE'}, Tag{name='provider', value='GCP'}, Tag{name='region', value='WESTERN_EUROPE'}]}, electionId=7fffffff0000000000000001, setVersion=1, lastWriteDate=Sun Dec 01 14:56:29 CET 2019, lastUpdateTimeNanos=1543527915598100}
gru 01, 2019 2:56:37 PM com.mongodb.diagnostics.logging.JULLogger log
INFO: Setting max election id to 7fffffff0000000000000001 from replica set primary testcluster-shard-00-00-5qtaz.gcp.mongodb.net:27017
gru 01, 2019 2:56:37 PM com.mongodb.diagnostics.logging.JULLogger log
INFO: Setting max set version to 1 from replica set primary testcluster-shard-00-00-5qtaz.gcp.mongodb.net:27017
gru 01, 2019 2:56:37 PM com.mongodb.diagnostics.logging.JULLogger log
INFO: Discovered replica set primary testcluster-shard-00-00-5qtaz.gcp.mongodb.net:27017
gru 01, 2019 2:56:38 PM com.mongodb.diagnostics.logging.JULLogger log
INFO: Opened connection [connectionId{localValue:7, serverValue:639539}] to testcluster-shard-00-00-5qtaz.gcp.mongodb.net:27017
]]></system-err>
</testsuite>
