<?xml version="1.0" encoding="UTF-8"?>
<testsuite name="dao.DriverDAOTest" tests="5" skipped="0" failures="0" errors="0" timestamp="2019-12-13T14:48:26" hostname="DESKTOP-227BTBM" time="1.874">
  <properties/>
  <testcase name="testFind" classname="dao.DriverDAOTest" time="0.372"/>
  <testcase name="testFindByName" classname="dao.DriverDAOTest" time="0.317"/>
  <testcase name="testFindAllDrivers" classname="dao.DriverDAOTest" time="0.401"/>
  <testcase name="testDelete" classname="dao.DriverDAOTest" time="0.425"/>
  <testcase name="testUpdate" classname="dao.DriverDAOTest" time="0.357"/>
  <system-out><![CDATA[]]></system-out>
  <system-err><![CDATA[]]></system-err>
</testsuite>
